{"/Users/Lee/tshopequery/src/app.tsx": {"path":"/Users/Lee/tshopequery/src/app.tsx","statementMap":{"0":{"start":{"line":2,"column":0},"end":{"line":2,"column":31}},"1":{"start":{"line":3,"column":0},"end":{"line":3,"column":64}},"2":{"start":{"line":5,"column":23},"end":{"line":5,"column":77}},"3":{"start":{"line":6,"column":27},"end":{"line":6,"column":111}},"4":{"start":{"line":7,"column":21},"end":{"line":10,"column":2}},"5":{"start":{"line":12,"column":15},"end":{"line":29,"column":2}},"6":{"start":{"line":36,"column":4},"end":{"line":48,"column":6}},"7":{"start":{"line":34,"column":0},"end":{"line":34,"column":13}}},"fnMap":{"0":{"name":"(anonymous_0)","decl":{"start":{"line":35,"column":2},"end":{"line":35,"column":8}},"loc":{"start":{"line":35,"column":8},"end":{"line":49,"column":3}}}},"branchMap":{},"s":{"0":1,"1":1,"2":1,"3":1,"4":1,"5":1,"6":1,"7":1},"f":{"0":1},"b":{}}
}
